0
0,1268,1,0,0,0,0,0,0,0
1,828,0.7525,0.2475,0,0,0.2475,0,0,0
2,886,1,0,0,0,0,0,0,0
1
1,828,0.7525,0.247327,0.00017325,0,0,0.00017325,0,0
2
0,1268,0.999992,8.14e-06,0,0,8.14e-06,0,0,0
1,827.999,0.752453,0.238915,0.00861883,1.21275e-05,4.6931e-05,0.00845857,1.21275e-05,8.6625e-07
2,886,0.99999,9.51e-06,0,0,9.51e-06,0,0,0
3
0,1268,0.999587,0.00041293,1e-08,0,0.0004048,1e-08,0,0
1,827.964,0.750118,0.211845,0.0373771,0.000615443,0.0023347,0.0294047,0.000603316,4.39609e-05
2,886,0.999518,0.00048238,1e-08,0,0.00047288,1e-08,0,0
4
0,1268,0.997832,0.00216715,5.7e-07,0,0.00175478,5.6e-07,0,0
1,827.809,0.740025,0.184944,0.0715683,0.00323184,0.0100934,0.0369945,0.0026164,0.000230848
2,886,0.997468,0.00253149,6.7e-07,0,0.00204976,6.6e-07,0,0
5
0,1268,0.994478,0.00550546,1.656e-05,4e-08,0.00335434,1.603e-05,4e-08,0
1,827.513,0.720958,0.17408,0.0961308,0.00824162,0.0190665,0.0299301,0.00500978,0.000588689
2,886,0.993551,0.00642979,1.935e-05,5e-08,0.00391702,1.873e-05,5e-08,0
6
0,1268,0.989981,0.00989113,0.00012695,1.2e-06,0.0044973,0.00011163,1.16e-06,8e-08
1,827.115,0.696007,0.178164,0.109789,0.0149708,0.0249516,0.0208683,0.00672916,0.00106935
2,886,0.988302,0.0115477,0.00014831,1.4e-06,0.00524835,0.0001304,1.35e-06,9e-08
7
0,1268,0.984821,0.0146633,0.00050519,1.008e-05,0.00515997,0.00038775,8.88e-06,7.1e-07
1,826.66,0.668488,0.190472,0.116766,0.022656,0.0275189,0.0152104,0.00768525,0.00161829
2,885.999,0.982288,0.0171093,0.00059008,1.178e-05,0.00601447,0.00045289,1.038e-05,8.3e-07
8
0,1268,0.979202,0.0194149,0.00133487,4.544e-05,0.00561911,0.00086757,3.536e-05,3.24e-06
1,826.177,0.64035,0.205396,0.121222,0.0308296,0.0281378,0.0132143,0.00817359,0.00220212
2,885.997,0.975753,0.0226313,0.00155893,5.308e-05,0.00653506,0.00101309,4.13e-05,3.77e-06
9
0,1267.99,0.973053,0.0241022,0.00269574,0.00013889,0.00614831,0.00146099,9.345e-05,9.91e-06
1,825.675,0.61231,0.219921,0.125645,0.0393152,0.0280398,0.0135143,0.00848556,0.00280823
2,885.99,0.968628,0.0280509,0.00314736,0.00016221,0.00712496,0.00170535,0.00010913,1.156e-05
10
0,1267.97,0.966161,0.0289439,0.00454442,0.00032759,0.00689249,0.00205085,0.0001887,2.338e-05
1,825.155,0.584431,0.233105,0.130917,0.0481103,0.0278794,0.0146957,0.00879515,0.00343646
2,885.976,0.960677,0.0336092,0.00530347,0.00038252,0.00795052,0.00239217,0.00022031,2.731e-05
11
0,1267.94,0.958295,0.0342341,0.00677944,0.0006457,0.00786602,0.00257584,0.00031811,4.609e-05
1,824.613,0.556592,0.245055,0.136988,0.0572746,0.0278392,0.0158895,0.00916422,0.00409105
2,885.952,0.951649,0.0396367,0.00790653,0.00075376,0.00902829,0.00300081,0.00037124,5.382e-05
12
0,1267.9,0.949281,0.0402036,0.00931552,0.00112024,0.00901404,0.00304452,0.00047454,7.999e-05
1,824.045,0.528724,0.256145,0.143491,0.0668637,0.0278674,0.0167769,0.00958917,0.00477598
2,885.917,0.941354,0.0463923,0.0108532,0.00130722,0.0102953,0.0035397,0.00055346,9.335e-05
13
0,1267.84,0.939007,0.0469737,0.0121207,0.00177232,0.010274,0.00350382,0.00065208,0.00012656
1,823.451,0.500866,0.266663,0.150001,0.0769757,0.0278583,0.01734,0.010112,0.00549343
2,885.869,0.929675,0.0540093,0.0141012,0.00206696,0.0116789,0.00406193,0.00075974,0.00014761
14
0,1267.76,0.927403,0.0545748,0.0152139,0.00262077,0.0116033,0.00400224,0.00084845,0.00018716
1,822.744,0.473165,0.189894,0.239817,0.0907768,0.0277196,0.104489,0.0138011,0.00634762
2,885.807,0.916546,0.0625151,0.0176663,0.00305404,0.0131285,0.00462269,0.00098708,0.00021812
15
0,1267.67,0.918611,0.0587983,0.0186421,0.00368577,0.00879276,0.0045693,0.001065,0.00026323
1,821.255,0.462847,0.1829,0.22713,0.118977,0.0104118,0.0174052,0.0282001,0.00814624
2,885.728,0.906765,0.0670415,0.0215968,0.00429069,0.00978189,0.00525554,0.00123665,0.00030645
16
0,1267.55,0.908662,0.0635342,0.0224569,0.00499095,0.00994911,0.00521321,0.00130518,0.00035645
1,819.844,0.453264,0.174917,0.212773,0.149196,0.00969979,0.0176834,0.0302191,0.00984971
2,885.633,0.895753,0.0720837,0.0259464,0.00580276,0.0110118,0.0059696,0.00151207,0.00041442
17
0,1267.41,0.89746,0.0688117,0.0266907,0.0065692,0.0112019,0.00592433,0.00157825,0.00046872
1,818.646,0.444398,0.165816,0.202845,0.175644,0.00896066,0.0180617,0.0264483,0.011297
2,885.518,0.883419,0.0776628,0.0307481,0.00762635,0.0123342,0.00675508,0.00182359,0.00054415
18
0,1267.24,0.884843,0.0747625,0.0313112,0.00848111,0.0126169,0.00666611,0.00191191,0.00060219
1,817.688,0.436012,0.155455,0.198177,0.197903,0.00843965,0.0188006,0.0222584,0.0124537
2,885.382,0.869596,0.0839133,0.035963,0.00982959,0.0138227,0.00757216,0.00220324,0.0006979
19
0,1267.04,0.870671,0.0815503,0.036196,0.0108242,0.0141732,0.00738533,0.00234312,0.00075874
1,816.868,0.427892,0.144307,0.1967,0.217657,0.00815205,0.0192999,0.0197539,0.0134446
2,885.222,0.854144,0.0910107,0.0414441,0.0125238,0.0154535,0.00835601,0.00269416,0.00087771
20
0,1266.81,0.854889,0.0892567,0.0412177,0.0136965,0.0157831,0.00807676,0.00287228,0.00093972
1,816.054,0.419919,0.133226,0.195891,0.236536,0.00800007,0.0190815,0.0188794,0.0144281
2,885.039,0.837018,0.099042,0.0470345,0.0158202,0.0171276,0.00909629,0.00329646,0.00108492
21
0,1266.55,0.837537,0.0978198,0.0463459,0.0171519,0.0173558,0.00879276,0.00345538,0.00114581
1,815.243,0.41207,0.122803,0.194243,0.255476,0.0078774,0.0182997,0.0189396,0.0154076
2,884.83,0.81828,0.107933,0.0526893,0.0197782,0.0187421,0.00985151,0.00395794,0.0013201
22
0,1266.25,0.818689,0.107063,0.0516743,0.0211965,0.0188521,0.00960911,0.00404456,0.00137755
1,814.438,0.404375,0.11319,0.191299,0.274757,0.00772582,0.0173395,0.0192818,0.0163788
2,884.597,0.798033,0.117477,0.058507,0.0244,0.0202521,0.010708,0.0046218,0.00158355
23
0,1265.93,0.798404,0.116773,0.0573685,0.0258189,0.0202903,0.0105804,0.00462243,0.00163594
1,813.646,0.396877,0.104226,0.187267,0.294295,0.00753196,0.0164959,0.0195378,0.0173353
2,884.338,0.776363,0.127425,0.0646693,0.0296665,0.0216761,0.0117278,0.00526657,0.0018761
24
0,1265.56,0.776693,0.126778,0.0635829,0.0310228,0.0217173,0.0117117,0.00520392,0.00192276
1,812.871,0.389604,0.095652,0.182578,0.313894,0.00730836,0.015882,0.0195991,0.0182716
2,884.051,0.753306,0.137573,0.0713467,0.0355747,0.0230642,0.0129164,0.00590819,0.00219945
25
0,1265.16,0.75353,0.136982,0.0704059,0.036841,0.0231704,0.0129666,0.0058182,0.00224068
1,812.115,0.382566,0.0872545,0.177612,0.333383,0.00707414,0.0154716,0.0194889,0.0191845
2,883.735,0.728859,0.147797,0.0786338,0.0421541,0.0244565,0.014232,0.00657943,0.0025562
26
0,1264.71,0.728883,0.14734,0.0778527,0.0433313,0.0246557,0.0142977,0.0064903,0.00259272
1,811.38,0.375941,0.0789167,0.138837,0.386232,0.00684424,0.0151821,0.0528487,0.0200726
2,883.387,0.703009,0.158037,0.0865421,0.0494625,0.0258596,0.0156196,0.00730841,0.00294936
27
0,1264.22,0.703034,0.157529,0.0858916,0.0505642,0.0258591,0.0156707,0.00723286,0.00298198
1,810.805,0.370491,0.06947,0.136558,0.402715,0.00548745,0.0149341,0.016483,0.0207668
2,883.003,0.676098,0.167921,0.0950281,0.0575715,0.0269221,0.0170389,0.00810892,0.00338208
28
0,1263.67,0.675686,0.167817,0.0944749,0.0586111,0.027359,0.0170707,0.0080469,0.00341144
1,810.24,0.365118,0.0602087,0.134059,0.419165,0.00540997,0.0146713,0.0164501,0.0214496
2,882.583,0.647809,0.177751,0.104029,0.0665531,0.0283014,0.0184707,0.00898164,0.00385721
29
0,1263.08,0.646926,0.179573,0.10208,0.0675363,0.0287718,0.0170155,0.00892523,0.00388381
1,809.685,0.359825,0.0571716,0.125288,0.435595,0.00533127,0.00836838,0.01643,0.0221198
2,882.122,0.618255,0.189117,0.111779,0.0764714,0.0295682,0.0182023,0.00991825,0.00437735
30
0,1262.43,0.617351,0.190819,0.110152,0.0772834,0.029589,0.0183436,0.00974709,0.0043942
1,809.166,0.354825,0.054369,0.116358,0.451702,0.00504035,0.00784295,0.0161072,0.0227463
2,881.626,0.588085,0.199788,0.11994,0.0872509,0.030186,0.0195156,0.0107796,0.00493624
31
0,1261.73,0.587063,0.201424,0.118692,0.0878762,0.0303044,0.0196988,0.0105928,0.00494496
1,808.684,0.350107,0.0518361,0.107349,0.467379,0.00475847,0.00729133,0.0156769,0.0233281
2,881.095,0.557415,0.209636,0.128506,0.0989077,0.030688,0.0208398,0.0116568,0.00553596
32
0,1260.98,0.556181,0.21123,0.127714,0.0993366,0.0308985,0.0210928,0.0114604,0.0055384
1,808.24,0.34566,0.0494594,0.0986755,0.48234,0.0044876,0.00686436,0.0149611,0.0238648
2,880.526,0.526377,0.218503,0.137489,0.111453,0.0310576,0.0221902,0.0125453,0.00617848
33
0,1260.17,0.522908,0.222059,0.137148,0.111708,0.0332921,0.0224629,0.0123714,0.00617697
1,807.831,0.328739,0.0598631,0.0906506,0.496389,0.0169598,0.00655608,0.0140488,0.0243582
2,879.917,0.492973,0.228427,0.146813,0.124922,0.0334246,0.0235009,0.0134688,0.0068659
34
0,1259.3,0.489721,0.231519,0.146839,0.125058,0.0332072,0.0237473,0.0133503,0.00686269
1,807.456,0.313282,0.0690381,0.083367,0.509501,0.0154937,0.00631874,0.0131123,0.0248114
2,879.266,0.459942,0.236775,0.156306,0.139378,0.0330539,0.0247058,0.0144557,0.00759997
35
0,1258.37,0.45679,0.239496,0.15665,0.139466,0.0329533,0.0249761,0.0144078,0.00759688
1,807.111,0.299068,0.0767644,0.0771651,0.521775,0.0142495,0.00652319,0.0122733,0.0252283
2,878.574,0.42744,0.243462,0.165821,0.154896,0.032527,0.0258397,0.0155183,0.0083815
36
0,1257.37,0.424305,0.245779,0.166534,0.155002,0.0325102,0.0262275,0.015536,0.00838013
1,806.792,0.285872,0.082235,0.0729047,0.533374,0.0132292,0.00775865,0.0115996,0.0256141
2,877.839,0.395638,0.248301,0.175307,0.171544,0.0318293,0.0269905,0.0166481,0.00921059
37
0,1256.32,0.392439,0.2503,0.176329,0.17172,0.0318936,0.0273726,0.0167176,0.0092128
1,806.49,0.273416,0.0854855,0.0706041,0.544515,0.0124885,0.00923802,0.0111412,0.0259786
2,877.063,0.364685,0.251266,0.184592,0.189369,0.0309827,0.0280175,0.0178255,0.0100871
38
0,1255.2,0.361384,0.253086,0.185793,0.189642,0.0310848,0.0282985,0.0179227,0.0100944
1,806.197,0.261466,0.0872726,0.0695477,0.555382,0.011983,0.0101959,0.0108672,0.0263316
2,876.245,0.334746,0.252439,0.193418,0.208386,0.029972,0.0287992,0.019017,0.0110101
39
0,1254.02,0.331365,0.254134,0.194715,0.208763,0.0300528,0.0290053,0.019121,0.0110234
1,805.909,0.249895,0.0882936,0.0690535,0.566079,0.0116027,0.0105817,0.0106964,0.0266794
2,875.369,0.306014,0.251867,0.201547,0.228574,0.0287688,0.0293413,0.0201872,0.0119984
40
0,1252.64,0.30598,0.250035,0.202826,0.229047,0.0254254,0.0295246,0.0202833,0.0121123
1,805.624,0.240737,0.0868809,0.0687189,0.576638,0.00918838,0.010601,0.0105593,0.0270246
2,874.03,0.299231,0.229025,0.208384,0.24985,0.00684259,0.0296839,0.0212765,0.0135101
41
0,1250.71,0.299129,0.227169,0.210223,0.249845,0.00690445,0.0297701,0.0207979,0.0136335
1,805.339,0.233538,0.0840596,0.0703198,0.584714,0.00721698,0.0100384,0.00807612,0.0273682
2,872.645,0.292374,0.206216,0.214855,0.271482,0.00691446,0.0297233,0.0216319,0.015073
42
0,1248.71,0.2922,0.204319,0.216614,0.271656,0.00698718,0.0298365,0.0218116,0.0152102
1,805.048,0.226378,0.0814569,0.0717478,0.592697,0.00717677,0.0097794,0.00798312,0.0277199
2,871.218,0.285467,0.184147,0.219647,0.294055,0.00696908,0.0290384,0.0225726,0.0166844
43
0,1246.65,0.285241,0.182477,0.221029,0.294419,0.00702182,0.0288645,0.0227626,0.0168348
1,804.751,0.219288,0.0793003,0.0727674,0.600565,0.00710498,0.0092616,0.00786781,0.0280786
2,869.758,0.278568,0.164618,0.22103,0.317452,0.00696383,0.026493,0.0233975,0.0183317
44
0,1244.55,0.278329,0.163406,0.221766,0.318006,0.00697796,0.0260485,0.0235874,0.0184925
1,804.45,0.212325,0.077812,0.0730833,0.608338,0.00697849,0.00846684,0.00777257,0.0284424
2,868.289,0.271783,0.148314,0.21847,0.341443,0.00685479,0.0231589,0.0239911,0.0199895
45
0,1242.44,0.271584,0.14738,0.218731,0.342149,0.0068164,0.0228424,0.0241428,0.0201557
1,804.147,0.205563,0.0768729,0.072744,0.616012,0.0067754,0.00771441,0.00767437,0.0288078
2,866.838,0.265227,0.134423,0.212988,0.365734,0.00662976,0.0205206,0.0242907,0.021628
46
0,1240.36,0.265107,0.133569,0.21298,0.366548,0.00655091,0.0203627,0.0243986,0.0217962
1,803.846,0.199065,0.0762559,0.0719377,0.62357,0.00651175,0.00712883,0.00755799,0.0291715
2,865.422,0.258981,0.121998,0.20572,0.390077,0.00632421,0.0187495,0.0243427,0.0232254
47
0,1238.34,0.258963,0.120401,0.206255,0.390988,0.00622257,0.0193903,0.0244404,0.0233935
1,803.548,0.192864,0.0713146,0.0751389,0.631151,0.00621483,0.011156,0.00758135,0.0295312
2,864.163,0.253077,0.109634,0.198313,0.41433,0.00597793,0.0183416,0.024253,0.0246464
48
0,1236.4,0.253144,0.108133,0.198394,0.415411,0.00589908,0.0181664,0.0244225,0.0249178
1,803.237,0.186671,0.0671676,0.0768149,0.639439,0.00620867,0.0103557,0.00828758,0.0299069
2,863.285,0.247478,0.0979132,0.190447,0.438524,0.00565546,0.0173762,0.0241948,0.025638
49
0,1235.15,0.247642,0.0964281,0.190274,0.439746,0.00555894,0.0172643,0.0243356,0.0259097
1,802.919,0.180606,0.0635682,0.077113,0.648421,0.00608458,0.00968396,0.0089822,0.030291
2,862.441,0.242208,0.0866481,0.181993,0.462561,0.00532811,0.0165932,0.0240366,0.0265902
50
0,1233.94,0.242478,0.0851325,0.181661,0.463867,0.0052228,0.0165184,0.0241206,0.0268611
1,802.6,0.17476,0.060314,0.0764512,0.657798,0.00586811,0.00912232,0.00937691,0.0306766
2,861.635,0.237269,0.075759,0.173167,0.486305,0.00499829,0.0158874,0.0237435,0.0275002
51
0,1232.79,0.23765,0.0741759,0.17275,0.487654,0.00488808,0.0158446,0.0237875,0.0277694
1,802.283,0.169185,0.0572134,0.0752637,0.667279,0.00559769,0.00869833,0.00948113,0.0310588
2,860.868,0.232659,0.0652164,0.16412,0.509639,0.00467139,0.015214,0.0233342,0.028366
52
0,1231.69,0.233151,0.0635512,0.163641,0.511023,0.00456069,0.0151854,0.0233692,0.0286332
1,801.972,0.163899,0.0541341,0.0738468,0.676685,0.00530809,0.00838742,0.00940553,0.0314351
2,860.141,0.228368,0.0550316,0.154912,0.532501,0.00435253,0.0145374,0.0228626,0.0291866
53
0,1230.66,0.22897,0.0532943,0.154405,0.53388,0.00424323,0.0145001,0.0228561,0.0294514
1,801.666,0.1589,0.0510272,0.0724968,0.685772,0.00502042,0.00812734,0.00908678,0.0318044
2,859.454,0.224386,0.045246,0.145641,0.554765,0.0040436,0.0138292,0.022264,0.0299612
54
0,1229.68,0.225094,0.0446429,0.143894,0.556145,0.00393748,0.0125889,0.022266,0.0302234
1,801.366,0.154168,0.0486358,0.0703664,0.694663,0.00475263,0.00714402,0.00889123,0.0321669
2,858.809,0.2207,0.0431155,0.129347,0.576147,0.00374687,0.00587739,0.0213821,0.0306894
55
0,1228.76,0.221564,0.0423972,0.127763,0.577332,0.0035906,0.00583623,0.0211869,0.0309429
1,801.075,0.149748,0.0467698,0.0677602,0.703203,0.00443938,0.00630534,0.00854003,0.0325187
2,858.236,0.21744,0.0407319,0.115056,0.595436,0.00331622,0.00569974,0.0192885,0.0313362
56
0,1227.95,0.218466,0.0398906,0.113728,0.596333,0.00315261,0.00565923,0.0190007,0.0315817
1,800.794,0.145652,0.0447494,0.0654903,0.71125,0.00411389,0.00613425,0.00804741,0.0328575
2,857.726,0.214568,0.0381373,0.102923,0.61246,0.00292081,0.0055154,0.0170245,0.0319114
57
0,1227.23,0.215732,0.0372083,0.101772,0.613138,0.00278218,0.00546452,0.0168043,0.0321503
1,800.523,0.141835,0.0426414,0.0634937,0.718845,0.0038341,0.00594211,0.0075949,0.0331849
2,857.271,0.21202,0.0354207,0.0924977,0.627635,0.0025906,0.00530726,0.0151747,0.032426
58
0,1226.59,0.213303,0.0344448,0.0914271,0.628166,0.00247235,0.00523584,0.0150287,0.0326592
1,800.26,0.137719,0.0410517,0.0616556,0.726072,0.00413132,0.00572108,0.00722661,0.0335024
2,856.861,0.203899,0.0385318,0.083269,0.641412,0.00816152,0.00505039,0.0137768,0.0328885
59
0,1226.01,0.204511,0.038325,0.0819342,0.642114,0.00883285,0.00495268,0.0139475,0.0331163
1,800.005,0.133465,0.039864,0.0581191,0.734741,0.00427736,0.00546501,0.00866957,0.0338107
2,856.492,0.195882,0.0418423,0.0745724,0.654399,0.00805577,0.00474534,0.0129867,0.0333049
60
0,1225.49,0.196933,0.0413109,0.0732914,0.654939,0.00761628,0.00463038,0.0128249,0.033526
1,799.764,0.129635,0.0385117,0.0549013,0.742851,0.00385214,0.00520445,0.00810967,0.0341013
2,856.162,0.188956,0.0441968,0.0667697,0.6664,0.0069627,0.00460815,0.0120012,0.0336778
61
0,1225.02,0.190382,0.0433866,0.065533,0.666806,0.00658823,0.00451254,0.0118678,0.0338925
1,799.537,0.126172,0.0369987,0.0519803,0.750473,0.0034833,0.00499633,0.0076223,0.0343758
2,855.866,0.182949,0.0452721,0.0602184,0.677549,0.00604254,0.00496722,0.0111494,0.0340116
62
0,1224.61,0.184689,0.0441755,0.059075,0.67784,0.00572731,0.00493836,0.0110337,0.0342202
1,799.322,0.123025,0.0352241,0.0494432,0.757672,0.00316626,0.00494081,0.00719864,0.0346357
2,855.599,0.177688,0.0450532,0.0549814,0.687965,0.00529418,0.00551311,0.0104154,0.0343127
63
0,1224.23,0.179683,0.0437464,0.0538961,0.688159,0.00503963,0.00546874,0.0103186,0.0345155
1,799.117,0.120141,0.0333006,0.0471478,0.764528,0.00290225,0.0048258,0.00685559,0.0348829
2,855.355,0.173015,0.0439461,0.0507003,0.697751,0.00470504,0.00581215,0.00978601,0.0345876
64
0,1223.89,0.175219,0.042538,0.0496009,0.697858,0.00449692,0.00570531,0.0096989,0.034785
1,798.922,0.117481,0.0313469,0.0449518,0.771101,0.0026775,0.00463113,0.00657357,0.0351186
2,855.131,0.168813,0.0423895,0.0469829,0.706973,0.00423261,0.0057892,0.00922227,0.0348411
65
0,1223.58,0.171197,0.0409592,0.0458225,0.706988,0.00405236,0.00563119,0.00913081,0.035033
1,798.736,0.115021,0.029441,0.0427751,0.777419,0.00247769,0.0043836,0.00631834,0.0353434
2,854.923,0.165008,0.0406772,0.04358,0.715659,0.00383479,0.00554708,0.00868571,0.035076
66
0,1223.29,0.167554,0.0392633,0.0428119,0.715109,0.0036698,0.00536572,0.00812042,0.0352622
1,798.559,0.112742,0.0276181,0.0408805,0.783202,0.00229378,0.00411672,0.00578224,0.0355573
2,854.73,0.161536,0.0389648,0.0432024,0.721003,0.00348457,0.00519698,0.00534426,0.0352939
67
0,1223.02,0.164175,0.0376415,0.0423237,0.720383,0.00339095,0.00501269,0.00527446,0.0354762
1,798.389,0.110603,0.0259187,0.039193,0.788524,0.00215317,0.00385256,0.00532232,0.0357617
2,854.538,0.158208,0.0374934,0.042537,0.726252,0.00333979,0.00481124,0.00524851,0.03551
68
0,1222.75,0.160914,0.0362803,0.0415635,0.725554,0.00327336,0.00463455,0.0051712,0.0356879
1,798.227,0.108577,0.024353,0.0374509,0.793661,0.00203853,0.00360425,0.00513743,0.0359576
2,854.35,0.155007,0.0362788,0.0416104,0.731381,0.00321324,0.00442785,0.00512998,0.0357227
69
0,1222.48,0.157784,0.0351763,0.0405472,0.730596,0.0031411,0.00424515,0.00504198,0.0358957
1,798.072,0.106666,0.0229249,0.0356623,0.798602,0.00192371,0.00335181,0.00494049,0.0361449
2,854.165,0.151944,0.0353356,0.0404242,0.736365,0.00307378,0.00401695,0.00498389,0.0359307
70
0,1222.23,0.154799,0.0343237,0.0393008,0.735478,0.00299644,0.00384902,0.0048816,0.0360984
1,797.924,0.104869,0.0216243,0.0338526,0.803331,0.00180914,0.00310972,0.00472904,0.0363232
2,853.986,0.149032,0.034601,0.0390682,0.741166,0.00292286,0.00365744,0.00480063,0.0361328
71
0,1221.98,0.151967,0.0336492,0.0379274,0.740162,0.00284301,0.00351751,0.00468386,0.0362949
1,797.784,0.103184,0.0204214,0.0320685,0.807833,0.00169639,0.00289924,0.00450244,0.0364924
2,853.813,0.146275,0.0340045,0.0376394,0.745753,0.0027668,0.00336329,0.00458667,0.0363282
72
0,1221.74,0.149288,0.0330919,0.0365119,0.744624,0.00268852,0.00324582,0.00446194,0.0364846
1,797.651,0.101607,0.0191055,0.0305253,0.812109,0.00158812,0.00290404,0.00427585,0.0366528
2,853.647,0.143672,0.0314464,0.038179,0.750186,0.00261255,0.00517071,0.00443312,0.0365164
73
0,1221.51,0.146738,0.0303117,0.0373427,0.748941,0.00255965,0.00533987,0.00431688,0.0366671
1,797.525,0.100114,0.0177453,0.0291393,0.816196,0.00150366,0.00286384,0.00408661,0.0368054
2,853.477,0.141115,0.0290197,0.0383614,0.754797,0.00256813,0.00499479,0.00461102,0.0367073
74
0,1221.27,0.144196,0.0280853,0.0373828,0.753482,0.00255206,0.00477845,0.00454123,0.0368538
1,797.404,0.098688,0.0165528,0.0276443,0.820164,0.00143651,0.0026291,0.00396793,0.0369511
2,853.307,0.138598,0.0270621,0.0378075,0.759634,0.00252884,0.0044864,0.00483681,0.0368991
75
0,1221.03,0.141713,0.0262815,0.0367315,0.758233,0.00249444,0.00429823,0.00475097,0.0370407
1,797.29,0.0973381,0.0154925,0.0260978,0.823982,0.00136012,0.00242035,0.00381839,0.0370893
2,853.14,0.136165,0.0254546,0.036744,0.764548,0.00244509,0.00405259,0.00491472,0.0370881
76
0,1220.8,0.139328,0.024787,0.0356303,0.763031,0.00239784,0.00389228,0.00479771,0.0372244
1,797.182,0.0960692,0.0145343,0.0245603,0.827616,0.00127867,0.00223694,0.00363417,0.0372198
2,852.977,0.133845,0.0240887,0.0354151,0.76938,0.00233252,0.0036985,0.00483135,0.0372718
77
0,1220.57,0.13706,0.0234979,0.0343173,0.767722,0.00227973,0.00356882,0.00469174,0.0374025
1,797.08,0.0948817,0.0136512,0.0230782,0.831046,0.00119686,0.00207991,0.00342993,0.0373426
2,852.82,0.131649,0.0228766,0.0340021,0.774023,0.00220755,0.00341964,0.00464382,0.0374489
78
0,1220.36,0.134916,0.02234,0.0329514,0.772219,0.00215527,0.00331324,0.00449619,0.0375741
1,796.985,0.0937722,0.0128271,0.0216744,0.834268,0.00111823,0.00194238,0.00322202,0.037458
2,852.67,0.129578,0.0217669,0.0326045,0.778432,0.00208203,0.00319172,0.00440828,0.0376189
79
0,1220.15,0.132893,0.0212758,0.031611,0.776481,0.00203363,0.00309778,0.00426282,0.0377389
1,796.895,0.0927358,0.012055,0.0203537,0.837289,0.00104456,0.00181657,0.00302067,0.0375664
2,852.525,0.127626,0.0207387,0.0312618,0.782592,0.0019622,0.00299041,0.00415995,0.0377819
80
0,1219.95,0.130984,0.0202928,0.0303235,0.780503,0.00191877,0.00290179,0.00402142,0.0378969
1,796.811,0.0917672,0.0113335,0.0191108,0.84012,0.000976253,0.00169778,0.00283133,0.0376682
2,852.387,0.125785,0.0197873,0.0299814,0.786508,0.00185019,0.00280159,0.0039163,0.0379382
81
0,1219.75,0.129181,0.019367,0.0291209,0.784282,0.00181157,0.00273734,0.00377933,0.0380486
1,796.732,0.0908613,0.0106512,0.0179576,0.842766,0.000912995,0.00159535,0.00264581,0.0377637
2,852.254,0.124048,0.0188529,0.028837,0.790174,0.00174605,0.00268039,0.00366633,0.0380881
82
0,1219.57,0.127476,0.0184553,0.028052,0.787823,0.00171377,0.00262552,0.00354058,0.0381942
1,796.657,0.0900125,0.010003,0.0168943,0.845237,0.000855427,0.00150362,0.00247062,0.0378535
2,852.126,0.122402,0.0179432,0.0278018,0.79362,0.00165295,0.00256271,0.0034459,0.0382323
83
0,1219.39,0.125856,0.0175755,0.0270746,0.791159,0.00162685,0.00250659,0.00333635,0.0383344
1,796.587,0.0892153,0.00939243,0.0159035,0.847551,0.00080335,0.0014139,0.00231403,0.037938
2,852.003,0.12084,0.0170726,0.0268371,0.796879,0.00156948,0.00244003,0.00325866,0.0383713
84
0,1219.22,0.124315,0.0167397,0.0261542,0.794321,0.00154787,0.00238376,0.00316192,0.0384698
1,796.522,0.0884658,0.00882118,0.0148981,0.849797,0.000755593,0.00132684,0.00224656,0.0380175
2,851.884,0.119358,0.0162507,0.0251104,0.800775,0.00149296,0.00231491,0.00389647,0.0385055
85
0,1219.05,0.122859,0.0159469,0.0243575,0.798236,0.00146742,0.00226018,0.00391469,0.0386006
1,796.46,0.0877669,0.00828287,0.0139004,0.851958,0.000705023,0.00124334,0.00216049,0.038092
2,851.773,0.117982,0.0154459,0.0234585,0.804482,0.00138648,0.00219128,0.00370696,0.0386311
86
0,1218.9,0.121518,0.0151583,0.0227958,0.801806,0.00135137,0.00213999,0.00356984,0.0387223
1,796.402,0.0871199,0.00777091,0.0129908,0.853957,0.000652565,0.00116452,0.00199903,0.0381615
2,851.669,0.116712,0.014653,0.0220113,0.807875,0.00127962,0.00207254,0.00339293,0.0387484
87
0,1218.76,0.120276,0.0143766,0.0214325,0.805079,0.00125127,0.00203296,0.00327309,0.0388363
1,796.348,0.0865191,0.0072799,0.0121637,0.855811,0.000605922,0.00109693,0.00185391,0.0382265
2,851.571,0.115534,0.0138441,0.0207661,0.810998,0.00118696,0.00199577,0.00312233,0.0388584
88
0,1218.62,0.11912,0.0135706,0.0202685,0.808098,0.00116471,0.00197065,0.00301925,0.0389435
1,796.298,0.0859593,0.00680706,0.0114111,0.857535,0.000564532,0.00103737,0.00172442,0.0382873
2,851.479,0.114434,0.0130308,0.0196781,0.813895,0.00110735,0.00192066,0.00289699,0.0389622
89
0,1218.49,0.118036,0.0127721,0.0192373,0.810909,0.00109067,0.00188919,0.00281153,0.0390448
1,796.251,0.085436,0.00635909,0.0107149,0.859146,0.000527759,0.000975736,0.00161048,0.0383443
2,851.392,0.113403,0.0122408,0.0186888,0.816607,0.00103831,0.00182831,0.00271199,0.0390606
90
0,1218.37,0.117018,0.0120049,0.0182869,0.813549,0.00102522,0.00179248,0.00263961,0.039141
1,796.207,0.0849457,0.00593982,0.0100628,0.860654,0.000494356,0.000913629,0.00150805,0.0383979
2,851.309,0.112434,0.0114912,0.0177608,0.81916,0.000976369,0.00172597,0.00255379,0.0391541
91
0,1218.25,0.116059,0.011281,0.0173893,0.816038,0.000965448,0.00168936,0.00248901,0.0392325
1,796.165,0.0844861,0.00554999,0.00944857,0.862067,0.000463459,0.000853285,0.00141332,0.0384482
2,851.231,0.111521,0.0107885,0.0168773,0.821571,0.000919249,0.00162193,0.00241029,0.0392429
92
0,1218.14,0.115156,0.0106032,0.016534,0.818388,0.000909788,0.0015875,0.00234969,0.0393194
1,796.126,0.0840551,0.00518821,0.00887014,0.863391,0.000434614,0.000796389,0.00132396,0.0384955
2,851.156,0.110661,0.0101324,0.0160342,0.823845,0.000865821,0.00152198,0.00227474,0.0393273
93
0,1218.04,0.114304,0.00996963,0.0157111,0.820613,0.000857588,0.00149121,0.00222562,0.0394021
1,796.089,0.0836509,0.00485227,0.00832247,0.864635,0.00040763,0.000743573,0.00124351,0.0385399
2,851.085,0.109851,0.0095192,0.0152087,0.826014,0.000815683,0.00142883,0.00216842,0.0394074
94
0,1217.94,0.113501,0.00937577,0.0149045,0.822738,0.000808098,0.00140195,0.00212438,0.0394807
1,796.055,0.0832719,0.00453955,0.0078032,0.865804,0.000382156,0.000694875,0.00116935,0.0385815
2,851.018,0.109089,0.00894397,0.0144055,0.828079,0.000767685,0.00134291,0.00206472,0.0394835
95
0,1217.84,0.112746,0.0088168,0.0141227,0.824759,0.000760566,0.00131955,0.00202153,0.0395552
1,796.022,0.0829169,0.00424764,0.00731312,0.866902,0.000358031,0.000649932,0.00109799,0.0386205
2,850.954,0.108372,0.00840207,0.0136313,0.830039,0.000721785,0.00126367,0.00196062,0.0395555
96
0,1217.75,0.112036,0.00828809,0.0133722,0.826678,0.000715306,0.00124402,0.00191883,0.0396258
1,795.992,0.0825844,0.00397427,0.00685271,0.867932,0.000335309,0.000608683,0.00102972,0.038657
2,850.893,0.107699,0.00788868,0.0128923,0.831897,0.000678227,0.00119162,0.00185761,0.0396236
97
0,1217.67,0.111368,0.00778536,0.0126577,0.828496,0.000672544,0.00117529,0.00181809,0.0396926
1,795.964,0.082273,0.00371743,0.00642176,0.868896,0.000314018,0.000570851,0.0009649,0.0386913
2,850.836,0.107066,0.00740021,0.0121912,0.833654,0.000637207,0.00112568,0.00175761,0.0396881
98
0,1217.59,0.11074,0.00730593,0.0119805,0.830217,0.000632384,0.00111181,0.00172117,0.0397559
1,795.937,0.0819813,0.00347577,0.00601901,0.8698,0.000294147,0.000535808,0.000903975,0.0387234
2,850.782,0.106472,0.00693453,0.0115281,0.835317,0.000598767,0.00106443,0.0016622,0.0397491
99
0,1217.51,0.11015,0.00685084,0.0113342,0.831849,0.000594785,0.00104989,0.00163201,0.0398158
1,795.912,0.081708,0.00325046,0.00563813,0.87065,0.000275625,0.000500948,0.000849397,0.0387535
2,850.731,0.105913,0.00650269,0.0108751,0.836902,0.000562819,0.000994669,0.0015858,0.0398067
100
0,1217.44,0.109595,0.00643262,0.0106883,0.833412,0.000559183,0.000977397,0.00156246,0.0398725
1,795.889,0.0814521,0.00304206,0.00527472,0.871449,0.000258094,0.000466494,0.0007995,0.0387817
2,850.683,0.105389,0.00610415,0.0102325,0.838413,0.000528149,0.000926683,0.00151081,0.0398611
101
0,1217.37,0.109074,0.00604451,0.0100578,0.834897,0.000524273,0.000912396,0.00148544,0.0399259
1,795.867,0.0812129,0.00284824,0.00493134,0.872199,0.000241288,0.000435096,0.000750024,0.0388081
2,850.638,0.104899,0.00573313,0.00961316,0.839843,0.000494479,0.000865485,0.00142977,0.0399123
102
0,1217.31,0.108588,0.00568131,0.00945406,0.836301,0.000490723,0.000853918,0.0014036,0.0399762
1,795.846,0.0809895,0.00266711,0.00460953,0.872901,0.000225374,0.000406513,0.000701735,0.0388327
2,850.595,0.10444,0.00538493,0.00902551,0.841189,0.000462369,0.000810575,0.00134649,0.0399603
103
0,1217.25,0.108132,0.0053389,0.00888354,0.837622,0.000458995,0.000801408,0.00132109,0.0400235
1,795.827,0.0807808,0.00249716,0.00430942,0.873557,0.000210464,0.000380408,0.000655668,0.0388558
2,850.555,0.104011,0.00505625,0.00847308,0.842454,0.000432161,0.000760856,0.00126473,0.0400055
104
0,1217.19,0.107706,0.00501495,0.00834763,0.838863,0.000429323,0.000753268,0.00124138,0.0400679
1,795.81,0.080586,0.00233748,0.00402998,0.874169,0.000196584,0.000356258,0.000612456,0.0388773
2,850.518,0.10361,0.00474537,0.0079553,0.843641,0.000404001,0.000714887,0.00118707,0.0400478
105
0,1217.14,0.107308,0.00470837,0.00784474,0.84003,0.000401683,0.000708266,0.00116627,0.0401096
1,795.793,0.0804038,0.00218748,0.00376966,0.874742,0.000183681,0.000333686,0.000572295,0.0388975
2,850.482,0.103235,0.00445146,0.00746974,0.844756,0.000377811,0.000671737,0.0011145,0.0400876
106
0,1217.09,0.106935,0.00441851,0.00737213,0.841126,0.000375953,0.000665834,0.00109625,0.0401489
1,795.777,0.0802336,0.00204666,0.00352679,0.875277,0.000171691,0.000312498,0.00053505,0.0389163
2,850.449,0.102885,0.00417391,0.00701357,0.845803,0.000353431,0.000630989,0.00104694,0.040125
107
0,1217.04,0.106586,0.00414472,0.0069272,0.842157,0.000351953,0.000625746,0.00103102,0.0401857
1,795.763,0.0800745,0.00191458,0.00329987,0.875777,0.000160522,0.000292608,0.000500516,0.0389339
2,850.418,0.102557,0.00391204,0.00658428,0.846787,0.000330693,0.000592549,0.000984089,0.04016
108
0,1217,0.106259,0.00388644,0.00650734,0.843127,0.000329523,0.000587803,0.000970396,0.0402203
1,795.749,0.0799257,0.00179079,0.00308744,0.876246,0.000150105,0.000273889,0.000468523,0.0389504
2,850.389,0.10225,0.0036654,0.00617896,0.847713,0.000309444,0.000556069,0.000925946,0.040193
109
0,1216.96,0.105953,0.00364317,0.00610989,0.844041,0.000308493,0.000551752,0.000914193,0.0402529
1,795.736,0.0797865,0.00167486,0.00288817,0.876685,0.000140361,0.000256284,0.000438901,0.0389659
2,850.362,0.101963,0.00343339,0.00579537,0.848585,0.000289516,0.000521529,0.000871817,0.0402239
110
0,1216.92,0.105666,0.00341418,0.0057331,0.844903,0.000288721,0.000517705,0.000861582,0.0402834
1,795.724,0.0796565,0.0015663,0.00270112,0.877096,0.000131221,0.000239775,0.000411264,0.0389803
2,850.336,0.101694,0.00321519,0.005432,0.849406,0.000270784,0.000488974,0.000821093,0.0402529
111
0,1216.88,0.105398,0.00319859,0.00537684,0.845714,0.000270093,0.000485683,0.000811039,0.0403121
1,795.713,0.0795349,0.00146461,0.00252633,0.87748,0.000122647,0.000224338,0.000384567,0.0389938
2,850.312,0.101443,0.00300992,0.00509275,0.850174,0.000253146,0.000458414,0.000768412,0.04028
112
0,1216.85,0.105148,0.00299555,0.00504573,0.846472,0.000252621,0.000455655,0.000757819,0.040339
1,795.703,0.0794212,0.00136933,0.00236372,0.877839,0.000114641,0.00020992,0.000358912,0.0390064
2,850.289,0.101209,0.00281683,0.00477699,0.850892,0.000236733,0.000429811,0.000718142,0.0403055
113
0,1216.82,0.104913,0.00280449,0.00473681,0.847181,0.000236451,0.000427521,0.000709265,0.0403642
1,795.693,0.0793149,0.00128007,0.0022122,0.878175,0.000107221,0.000196476,0.000335254,0.0390183
2,850.268,0.100989,0.00263534,0.00448212,0.851564,0.000221524,0.000403014,0.00067214,0.0403294
114
0,1216.79,0.104694,0.00262489,0.00444748,0.847846,0.000221431,0.000401021,0.000664841,0.0403879
1,795.684,0.0792155,0.00119656,0.0020706,0.878488,0.000100313,0.000183819,0.000313506,0.0390293
2,850.248,0.100783,0.00246515,0.00420549,0.852194,0.000207386,0.000377576,0.000630069,0.0403518
115
0,1216.76,0.104488,0.00245669,0.00417507,0.84847,0.000207421,0.000375605,0.000624059,0.0404102
1,795.675,0.0791224,0.00111859,0.00193789,0.878781,9.38722e-05,0.000171852,0.000293405,0.0390397
2,850.23,0.100591,0.002306,0.00394484,0.852786,0.000194176,0.000353314,0.000591323,0.0403728
116
0,1216.73,0.104295,0.00229943,0.00391792,0.849056,0.000194281,0.000351535,0.000586215,0.040431
1,795.667,0.0790353,0.00104584,0.00181336,0.879056,8.78423e-05,0.000160592,0.000274679,0.0390494
2,850.212,0.10041,0.00215736,0.00369892,0.853341,0.000181796,0.000330442,0.000555106,0.0403925
117
0,1216.71,0.104115,0.00215244,0.0036751,0.849607,0.000181931,0.000328923,0.000550647,0.0404506
1,795.66,0.0789538,0.000977954,0.00169649,0.879313,8.21763e-05,0.000150076,0.000257166,0.0390584
2,850.196,0.100242,0.00201852,0.00346693,0.853862,0.000170156,0.000308982,0.000521074,0.040411
118
0,1216.69,0.103946,0.00201502,0.00344596,0.850124,0.000170321,0.000307753,0.000517115,0.040469
1,795.653,0.0788776,0.00091457,0.0015869,0.879554,7.68689e-05,0.000140255,0.000240705,0.0390669
2,850.18,0.100084,0.00188873,0.00324833,0.854351,0.000159218,0.000289004,0.000488914,0.0404284
119
0,1216.66,0.103788,0.00188637,0.00323002,0.850609,0.000159402,0.000288054,0.00048541,0.0404862
1,795.646,0.0788064,0.000855327,0.0014842,0.879779,7.18874e-05,0.000131117,0.000225285,0.0390748
2,850.166,0.0999361,0.00176731,0.00304259,0.854809,0.000148948,0.000270368,0.000458603,0.0404446
120
0,1216.64,0.10364,0.00176585,0.00302679,0.851065,0.000149161,0.000269673,0.000455501,0.0405024
1,795.64,0.0787397,0.000799929,0.00138803,0.87999,6.7217e-05,0.000122622,0.000210785,0.0390822
2,850.153,0.099798,0.00165365,0.00284919,0.855239,0.000139308,0.000252991,0.000429986,0.0404598
121
0,1216.62,0.103502,0.00165292,0.0028358,0.851492,0.00013955,0.000252483,0.000427169,0.0405175
1,795.634,0.0786774,0.000748083,0.00129804,0.880187,6.28447e-05,0.000114676,0.000197188,0.0390892
2,850.14,0.0996688,0.00154716,0.0026676,0.855642,0.000130278,0.000236756,0.000402979,0.0404741
122
0,1216.61,0.103372,0.00154708,0.00265636,0.851893,0.000130542,0.000236363,0.000400525,0.0405317
1,795.629,0.0786192,0.00069961,0.00121385,0.880372,5.87612e-05,0.000107241,0.000184436,0.0390957
2,850.128,0.099548,0.00144744,0.00249723,0.85602,0.000121826,0.000221536,0.000377531,0.0404874
123
0,1216.59,0.103251,0.00144791,0.00248787,0.852268,0.00012211,0.000221294,0.000375483,0.040545
1,795.624,0.0785647,0.000654258,0.00113509,0.880544,5.49386e-05,0.000100298,0.000172512,0.0391017
2,850.117,0.0994351,0.00135407,0.00233733,0.856374,0.000113908,0.000207286,0.000353718,0.0404999
124
0,1216.57,0.103138,0.00135501,0.0023296,0.85262,0.000114211,0.000207109,0.000351964,0.0405574
1,795.619,0.0785138,0.000611816,0.00106137,0.880706,5.13596e-05,9.37841e-05,0.00016138,0.0391074
2,850.107,0.0993295,0.00126666,0.0021873,0.856705,0.000106498,0.000193906,0.000331334,0.0405116
125
0,1216.56,0.103032,0.00126803,0.00218094,0.85295,0.000106812,0.000193791,0.000329894,0.0405691
1,795.615,0.0784662,0.00057215,0.000992344,0.880857,4.80136e-05,8.76767e-05,0.000150978,0.0391127
2,850.097,0.0992308,0.00118492,0.0020464,0.857015,9.95581e-05,0.000181326,0.000310406,0.0405226
126
0,1216.54,0.102933,0.00118663,0.00204133,0.853259,9.98796e-05,0.000181299,0.000309163,0.04058
1,795.611,0.0784217,0.00053506,0.000927765,0.880998,4.48782e-05,8.19701e-05,0.000141196,0.0391177
2,850.088,0.0991385,0.00110838,0.00191434,0.857306,9.30581e-05,0.000169586,0.000290584,0.0405328
127
0,1216.53,0.10284,0.00111035,0.0019105,0.853549,9.33819e-05,0.000169654,0.000289457,0.0405902
1,795.607,0.0783801,0.000500353,0.000867436,0.88113,4.19485e-05,7.66626e-05,0.000131995,0.0391223
2,850.079,0.0990523,0.00103671,0.00179082,0.857578,8.69781e-05,0.000158656,0.000271858,0.0405424
128
0,1216.52,0.102754,0.00103888,0.00178807,0.853819,8.73096e-05,0.000158782,0.00027092,0.0405997
1,795.603,0.0783413,0.000467876,0.000811057,0.881253,3.92117e-05,7.16939e-05,0.000123392,0.0391267
2,850.071,0.0989717,0.000969576,0.0016753,0.857832,8.12981e-05,0.000148418,0.000254294,0.0405514
129
0,1216.51,0.102673,0.000971887,0.00167351,0.854073,8.16319e-05,0.000148624,0.000253535,0.0406087
1,795.6,0.0783049,0.00043748,0.000758383,0.881368,3.6656e-05,6.70535e-05,0.000115348,0.0391307
2,850.064,0.0988964,0.000906698,0.00156729,0.85807,7.59976e-05,0.000138868,0.000237834,0.0405597
130
0,1216.5,0.102597,0.000909105,0.00156637,0.85431,7.63396e-05,0.00013912,0.000237251,0.040617
1,795.597,0.0782709,0.000409019,0.000709201,0.881476,3.42682e-05,6.27315e-05,0.00010783,0.0391345
2,850.057,0.0988259,0.000847825,0.00146627,0.858292,7.10476e-05,0.000129918,0.000222493,0.0405676
131
0,1216.49,0.102526,0.000850325,0.00146602,0.854532,7.139e-05,0.00013017,0.000222076,0.0406249
1,795.594,0.0782392,0.000382394,0.000663224,0.881577,3.20358e-05,5.86588e-05,0.000100802,0.0391381
2,850.051,0.0987601,0.000792695,0.00137177,0.858501,6.642e-05,0.00012154,0.000208158,0.0405749
132
0,1216.48,0.10246,0.000795295,0.00137204,0.85474,6.67619e-05,0.000121781,0.000207861,0.0406322
1,795.591,0.0782095,0.000357504,0.000620208,0.881671,2.99561e-05,5.48462e-05,9.42835e-05,0.0391414
2,850.045,0.0986985,0.000741135,0.00128328,0.858695,6.21e-05,0.000113658,0.000194748,0.0405818
133
0,1216.47,0.102398,0.000743785,0.00128401,0.854935,6.24396e-05,0.00011395,0.000194564,0.0406391
1,795.588,0.0781817,0.000334242,0.000579973,0.88176,2.80125e-05,5.12843e-05,8.81833e-05,0.0391445
2,850.039,0.098641,0.000692918,0.00120041,0.858878,5.806e-05,0.000106286,0.000182235,0.0405882
134
0,1216.46,0.10234,0.000695586,0.00120153,0.855117,5.839e-05,0.000106591,0.00018215,0.0406455
1,795.586,0.0781557,0.000312481,0.000542329,0.881842,2.61865e-05,4.79533e-05,8.24671e-05,0.0391474
2,850.034,0.0985871,0.000647835,0.00112281,0.859048,5.42876e-05,9.939e-05,0.000170506,0.0405942
135
0,1216.45,0.102286,0.000650528,0.00112427,0.855287,5.46019e-05,9.968e-05,0.000170462,0.0406515
1,795.584,0.0781315,0.000292151,0.000507133,0.881919,2.44859e-05,4.48252e-05,7.71067e-05,0.0391501
2,850.029,0.0985368,0.000605658,0.0010502,0.859208,5.075e-05,9.29181e-05,0.000159476,0.0405998
136
0,1216.45,0.102236,0.000608336,0.00105195,0.855447,5.106e-05,9.32515e-05,0.00015952,0.0406571
1,795.582,0.0781088,0.000273129,0.000474229,0.881991,2.28956e-05,4.19256e-05,7.21003e-05,0.0391526
2,850.024,0.0984898,0.000566206,0.000982225,0.859357,4.74481e-05,8.68876e-05,0.000149208,0.040605
137
0,1216.44,0.102188,0.000568886,0.000984195,0.855596,4.77496e-05,8.71919e-05,0.000149252,0.0406624
1,795.58,0.0780875,0.000255345,0.00044345,0.882059,2.14029e-05,3.91866e-05,6.74026e-05,0.039155
2,850.02,0.0984458,0.000529324,0.000918655,0.859496,4.43581e-05,8.124e-05,0.00013952,0.04061
138
0,1216.43,0.102144,0.000531964,0.000920817,0.855736,4.465e-05,8.15811e-05,0.000139659,0.0406673
1,795.578,0.0780677,0.000238736,0.00041465,0.882122,2.00111e-05,3.66261e-05,6.30283e-05,0.0391572
2,850.016,0.0984047,0.000494836,0.000859153,0.859627,4.147e-05,7.59581e-05,0.00013051,0.0406145
139
0,1216.43,0.102103,0.000497464,0.000861455,0.855866,4.175e-05,7.62719e-05,0.000130674,0.0406719
1,795.576,0.0780492,0.000223189,0.000387739,0.882181,1.87118e-05,3.42581e-05,5.89263e-05,0.0391593
2,850.012,0.0983663,0.000462592,0.000803481,0.859749,3.877e-05,7.10081e-05,0.00012204,0.0406188
140
0,1216.42,0.102064,0.000465165,0.000805894,0.855989,3.904e-05,7.13391e-05,0.00012226,0.0406762
1,795.575,0.0780318,0.000208639,0.000362571,0.882236,1.74927e-05,3.20257e-05,5.51119e-05,0.0391612
2,850.008,0.0983304,0.000432439,0.000751354,0.859863,3.62476e-05,6.638e-05,0.000114178,0.0406229
141
0,1216.42,0.102028,0.000434984,0.000753823,0.856103,3.65096e-05,6.669e-05,0.000114401,0.0406803
1,795.573,0.0780156,0.000195059,0.000339003,0.882287,1.6354e-05,2.99289e-05,5.154e-05,0.039163
2,850.005,0.0982968,0.00040426,0.000702564,0.85997,3.388e-05,6.205e-05,0.00010681,0.0406266
142
0,1216.41,0.101994,0.000406752,0.000705063,0.85621,3.413e-05,6.23696e-05,0.00010705,0.0406841
1,795.572,0.0780005,0.000182372,0.000316944,0.882335,1.52905e-05,2.79773e-05,4.82056e-05,0.0391647
2,850.002,0.0982654,0.000377921,0.000656921,0.86007,3.167e-05,5.79957e-05,9.98481e-05,0.0406301
143
0,1216.41,0.101962,0.000380331,0.000659435,0.85631,3.191e-05,5.83215e-05,0.00010013,0.0406876
1,795.57,0.0779863,0.000170518,0.000296301,0.882381,1.42972e-05,2.61564e-05,4.50889e-05,0.0391663
2,849.999,0.098236,0.000353334,0.000614161,0.860163,2.961e-05,5.421e-05,9.342e-05,0.0406334
144
0,1216.4,0.101933,0.000355621,0.000616724,0.856404,2.98396e-05,5.45296e-05,9.368e-05,0.0406909
1,795.569,0.077973,0.000159424,0.00027701,0.882423,1.33613e-05,2.44557e-05,4.21513e-05,0.0391678
2,849.996,0.0982086,0.000330314,0.000574176,0.86025,2.767e-05,5.068e-05,8.73557e-05,0.0406365
145
0,1216.4,0.101905,0.000332541,0.000576733,0.856492,2.789e-05,5.09796e-05,8.7651e-05,0.040694
1,795.568,0.0779607,0.000149047,0.00025898,0.882462,1.24884e-05,2.28655e-05,3.94052e-05,0.0391692
2,849.994,0.098183,0.000308802,0.00053678,0.860332,2.58681e-05,4.738e-05,8.16657e-05,0.0406394
146
0,1216.4,0.101879,0.000310949,0.000539306,0.856574,2.60796e-05,4.76619e-05,8.19791e-05,0.0406969
1,795.567,0.0779491,0.000139345,0.000242129,0.882499,1.16736e-05,2.13805e-05,3.68367e-05,0.0391705
2,849.991,0.098159,0.000288692,0.00050184,0.860408,2.41781e-05,4.43e-05,7.635e-05,0.040642
147
0,1216.39,0.101855,0.000290729,0.000504326,0.85665,2.438e-05,4.459e-05,7.666e-05,0.0406996
1,795.566,0.0779383,0.000130257,0.000226373,0.882533,1.09132e-05,1.9996e-05,3.44433e-05,0.0391717
2,849.989,0.0981366,0.000269862,0.000469152,0.86048,2.26e-05,4.142e-05,7.13981e-05,0.0406445
148
0,1216.39,0.101833,0.000271819,0.000471606,0.856722,2.279e-05,4.168e-05,7.168e-05,0.0407021
1,795.565,0.0779282,0.000121764,0.000211639,0.882566,1.02037e-05,1.86918e-05,3.22064e-05,0.0391728
2,849.987,0.0981157,0.000252264,0.00043857,0.860547,2.112e-05,3.87157e-05,6.67776e-05,0.0406469
149
0,1216.39,0.101811,0.000254151,0.000440994,0.856789,2.13019e-05,3.89796e-05,6.70515e-05,0.0407044
1,795.564,0.0779187,0.000113855,0.000197844,0.882596,9.5415e-06,1.74577e-05,3.01047e-05,0.0391739
2,849.985,0.0980961,0.000235814,0.00041003,0.860609,1.974e-05,3.62e-05,6.238e-05,0.0406491
